Copyright 1986-2017 Xilinx, Inc. All Rights Reserved.
----------------------------------------------------------------------------------------
| Tool Version : Vivado v.2017.3 (win64) Build 2018833 Wed Oct  4 19:58:22 MDT 2017
| Date         : Wed Mar 31 13:13:16 2021
| Host         : ChinskiBratPatrzy running 64-bit major release  (build 9200)
| Command      : report_control_sets -verbose -file vga_example_control_sets_placed.rpt
| Design       : vga_example
| Device       : xc7a35t
----------------------------------------------------------------------------------------

Control Set Information

Table of Contents
-----------------
1. Summary
2. Flip-Flop Distribution
3. Detailed Control Set Information

1. Summary
----------

+----------------------------------------------------------+-------+
|                          Status                          | Count |
+----------------------------------------------------------+-------+
| Number of unique control sets                            |    27 |
| Unused register locations in slices containing registers |    74 |
+----------------------------------------------------------+-------+


2. Flip-Flop Distribution
-------------------------

+--------------+-----------------------+------------------------+-----------------+--------------+
| Clock Enable | Synchronous Set/Reset | Asynchronous Set/Reset | Total Registers | Total Slices |
+--------------+-----------------------+------------------------+-----------------+--------------+
| No           | No                    | No                     |              57 |           26 |
| No           | No                    | Yes                    |              33 |           10 |
| No           | Yes                   | No                     |             169 |           59 |
| Yes          | No                    | No                     |              57 |           16 |
| Yes          | No                    | Yes                    |              20 |            8 |
| Yes          | Yes                   | No                     |              54 |           15 |
+--------------+-----------------------+------------------------+-----------------+--------------+


3. Detailed Control Set Information
-----------------------------------

+--------------------------------------------------+------------------------------------------------------------+------------------------------------------------------------+------------------+----------------+
|                   Clock Signal                   |                        Enable Signal                       |                      Set/Reset Signal                      | Slice Load Count | Bel Load Count |
+--------------------------------------------------+------------------------------------------------------------+------------------------------------------------------------+------------------+----------------+
| ~my_clk_generator/pclk                           |                                                            | my_clk_generator/reset_out_reg                             |                1 |              1 |
|  my_clk_generator/clk100MHz                      |                                                            | my_MouseCtl/Inst_Ps2Interface/clk_inter0                   |                1 |              4 |
|  my_clk_generator/clk100MHz                      |                                                            | my_MouseCtl/Inst_Ps2Interface/data_inter0                  |                1 |              4 |
|  my_clk_generator/clk100MHz                      | my_MouseCtl/Inst_Ps2Interface/x_sign_reg                   | my_internal_reset/Q                                        |                2 |              4 |
|  my_clk_generator/clk100MHz                      | my_MouseCtl/Inst_Ps2Interface/shift_frame                  | my_MouseCtl/Inst_Ps2Interface/reset_bit_count              |                1 |              4 |
|  my_clk_generator/clk100MHz                      | my_internal_reset/E[0]                                     | my_MouseCtl/Inst_Ps2Interface/load_tx_data_i_1_n_0         |                1 |              4 |
|  my_clk_generator/clk100MHz                      | my_MouseCtl/Inst_Ps2Interface/delay_63clk_count[6]_i_2_n_0 | my_MouseCtl/Inst_Ps2Interface/delay_63clk_count[6]_i_1_n_0 |                2 |              7 |
|  my_clk_generator/clk100MHz                      | my_MouseCtl/Inst_Ps2Interface/E[0]                         | my_internal_reset/Q                                        |                3 |              8 |
|  my_clk_generator/clk100MHz                      | my_MouseCtl/Inst_Ps2Interface/load_rx_data                 |                                                            |                2 |              8 |
|  my_clk_generator/clk100MHz                      | my_MouseCtl/Inst_Ps2Interface/y_inc_reg[0][0]              | my_internal_reset/Q                                        |                3 |              8 |
|  my_clk_generator/clk100MHz                      | my_MouseCtl/tx_data[7]_i_1_n_0                             |                                                            |                2 |              8 |
|  my_clk_generator/clk40MHz_clk_generator_en_clk  |                                                            | rst_IBUF                                                   |                1 |              8 |
|  my_clk_generator/clk100MHz_clk_generator_en_clk |                                                            | rst_IBUF                                                   |                1 |              8 |
|  my_clk_generator/pclk                           | my_internal_reset/E[0]                                     |                                                            |                4 |              8 |
|  my_clk_generator/pclk                           |                                                            | my_MouseDisplay/red_out[3]_i_1_n_0                         |                5 |              9 |
|  my_clk_generator/clk100MHz                      | my_MouseCtl/Inst_Ps2Interface/frame[9]_i_1_n_0             |                                                            |                2 |             10 |
|  my_clk_generator/clk100MHz                      | my_MouseCtl/Inst_Ps2Interface/delay_20us_count[10]_i_2_n_0 | my_MouseCtl/Inst_Ps2Interface/delay_20us_count[10]_i_1_n_0 |                3 |             11 |
|  my_clk_generator/clk100MHz                      | my_MouseCtl/y_new_reg_n_0                                  |                                                            |                3 |             11 |
|  my_clk_generator/clk100MHz                      | my_MouseCtl/x_new_reg_n_0                                  |                                                            |                3 |             12 |
|  my_clk_generator/clk100MHz                      | my_MouseCtl/Inst_Ps2Interface/delay_100us_count[0]_i_2_n_0 | my_MouseCtl/Inst_Ps2Interface/delay_100us_count[0]_i_1_n_0 |                4 |             14 |
|  my_clk_generator/pclk                           | my_timing/vertical_blank_nxt                               | my_internal_reset/Q                                        |                4 |             14 |
|  my_clk_generator/clk100MHz                      |                                                            | my_internal_reset/Q                                        |                7 |             16 |
|  my_clk_generator/pclk                           |                                                            |                                                            |                8 |             19 |
|  my_clk_generator/clk100MHz                      |                                                            | my_MouseCtl/reset_timeout_cnt                              |                6 |             24 |
|  my_clk_generator/clk100MHz                      |                                                            | my_MouseCtl/reset_periodic_check_cnt                       |                7 |             26 |
|  my_clk_generator/clk100MHz                      |                                                            |                                                            |               18 |             38 |
|  my_clk_generator/pclk                           |                                                            | my_internal_reset/Q                                        |               39 |            102 |
+--------------------------------------------------+------------------------------------------------------------+------------------------------------------------------------+------------------+----------------+


+--------+-----------------------+
| Fanout | Number of ControlSets |
+--------+-----------------------+
| 1      |                     1 |
| 4      |                     5 |
| 7      |                     1 |
| 8      |                     7 |
| 9      |                     1 |
| 10     |                     1 |
| 11     |                     2 |
| 12     |                     1 |
| 14     |                     2 |
| 16+    |                     6 |
+--------+-----------------------+


