Copyright 1986-2017 Xilinx, Inc. All Rights Reserved.
------------------------------------------------------------------------------------------------------------------------
| Tool Version : Vivado v.2017.3 (win64) Build 2018833 Wed Oct  4 19:58:22 MDT 2017
| Date         : Wed Apr  7 12:26:59 2021
| Host         : ChinskiBratPatrzy running 64-bit major release  (build 9200)
| Command      : report_drc -file vga_example_drc_opted.rpt -pb vga_example_drc_opted.pb -rpx vga_example_drc_opted.rpx
| Design       : vga_example
| Device       : xc7a35tcpg236-1
| Speed File   : -1
| Design State : Synthesized
------------------------------------------------------------------------------------------------------------------------

Report DRC

Table of Contents
-----------------
1. REPORT SUMMARY
2. REPORT DETAILS

1. REPORT SUMMARY
-----------------
            Netlist: netlist
          Floorplan: design_1
      Design limits: <entire design considered>
           Ruledeck: default
             Max violations: <unlimited>
             Violations found: 1
+---------+------------------+--------------------------+------------+
| Rule    | Severity         | Description              | Violations |
+---------+------------------+--------------------------+------------+
| LUTLP-1 | Critical Warning | Combinatorial Loop Alert | 1          |
+---------+------------------+--------------------------+------------+

2. REPORT DETAILS
-----------------
LUTLP-1#1 Critical Warning
Combinatorial Loop Alert  
1 LUT cells form a combinatorial loop. This can create a race condition. Timing analysis may not be accurate. The preferred resolution is to modify the design to remove combinatorial logic loops. If the loop is known and understood, this DRC can be bypassed by acknowledging the condition and setting the following XDC constraint on any one of the nets in the loop: 'set_property ALLOW_COMBINATORIAL_LOOPS TRUE [get_nets <myHier/myNet>]'. One net in the loop is my_draw_rect_ctl/mousepixel_reg[0]. Please evaluate your design. The cells in the loop are: my_draw_rect_ctl/xpos_tmp_reg[0]_i_1.
Related violations: <none>


